2022-01-13 12:39:43 | [INFO]    | Discordia 2.9.1
2022-01-13 12:39:43 | [INFO]    | Connecting to Discord...
2022-01-13 12:39:43 | [INFO]    | Authenticated as Cuby-test#3650
2022-01-13 12:39:43 | [INFO]    | Launching shard 0 (1 out of 1)...
2022-01-13 12:39:43 | [INFO]    | Shard 0 : Connected to wss://gateway.discord.gg
2022-01-13 12:39:43 | [INFO]    | Shard 0 : Received HELLO
2022-01-13 12:39:44 | [INFO]    | Shard 0 : Received READY
2022-01-13 14:02:08 | [INFO]    | Discordia 2.9.1
2022-01-13 14:02:08 | [INFO]    | Connecting to Discord...
2022-01-13 14:02:08 | [INFO]    | Authenticated as Cuby-test#3650
2022-01-13 14:02:08 | [INFO]    | Launching shard 0 (1 out of 1)...
2022-01-13 14:02:08 | [INFO]    | Shard 0 : Connected to wss://gateway.discord.gg
2022-01-13 14:02:08 | [INFO]    | Shard 0 : Received HELLO
2022-01-13 14:02:09 | [INFO]    | Shard 0 : Received READY
2022-01-13 14:04:14 | [INFO]    | Discordia 2.9.1
2022-01-13 14:04:14 | [INFO]    | Connecting to Discord...
2022-01-13 14:04:14 | [INFO]    | Authenticated as Cuby-test#3650
2022-01-13 14:04:14 | [INFO]    | Launching shard 0 (1 out of 1)...
2022-01-13 14:04:14 | [INFO]    | Shard 0 : Connected to wss://gateway.discord.gg
2022-01-13 14:04:14 | [INFO]    | Shard 0 : Received HELLO
2022-01-13 14:04:15 | [INFO]    | Shard 0 : Received READY
2022-01-13 14:06:01 | [INFO]    | Discordia 2.9.1
2022-01-13 14:06:01 | [INFO]    | Connecting to Discord...
2022-01-13 14:06:01 | [INFO]    | Authenticated as Cuby-test#3650
2022-01-13 14:06:01 | [INFO]    | Launching shard 0 (1 out of 1)...
2022-01-13 14:06:02 | [INFO]    | Shard 0 : Connected to wss://gateway.discord.gg
2022-01-13 14:06:02 | [INFO]    | Shard 0 : Received HELLO
2022-01-13 14:06:02 | [INFO]    | Shard 0 : Received READY
2022-01-13 14:06:17 | [INFO]    | Discordia 2.9.1
2022-01-13 14:06:17 | [INFO]    | Connecting to Discord...
2022-01-13 14:06:18 | [INFO]    | Authenticated as Cuby-test#3650
2022-01-13 14:06:18 | [INFO]    | Launching shard 0 (1 out of 1)...
2022-01-13 14:06:18 | [INFO]    | Shard 0 : Connected to wss://gateway.discord.gg
2022-01-13 14:06:18 | [INFO]    | Shard 0 : Received HELLO
2022-01-13 14:06:18 | [INFO]    | Shard 0 : Received READY
2022-01-13 14:08:26 | [INFO]    | Discordia 2.9.1
2022-01-13 14:08:26 | [INFO]    | Connecting to Discord...
2022-01-13 14:08:26 | [INFO]    | Authenticated as Cuby-test#3650
2022-01-13 14:08:26 | [INFO]    | Launching shard 0 (1 out of 1)...
2022-01-13 14:08:26 | [INFO]    | Shard 0 : Connected to wss://gateway.discord.gg
2022-01-13 14:08:26 | [INFO]    | Shard 0 : Received HELLO
2022-01-13 14:08:26 | [INFO]    | Shard 0 : Received READY
2022-01-13 14:09:45 | [INFO]    | Discordia 2.9.1
2022-01-13 14:09:45 | [INFO]    | Connecting to Discord...
2022-01-13 14:09:45 | [INFO]    | Authenticated as Cuby-test#3650
2022-01-13 14:09:45 | [INFO]    | Launching shard 0 (1 out of 1)...
2022-01-13 14:09:45 | [INFO]    | Shard 0 : Connected to wss://gateway.discord.gg
2022-01-13 14:09:45 | [INFO]    | Shard 0 : Received HELLO
2022-01-13 14:09:45 | [INFO]    | Shard 0 : Received READY
2022-01-13 14:14:06 | [INFO]    | Discordia 2.9.1
2022-01-13 14:14:06 | [INFO]    | Connecting to Discord...
2022-01-13 14:14:06 | [INFO]    | Authenticated as Cuby-test#3650
2022-01-13 14:14:06 | [INFO]    | Launching shard 0 (1 out of 1)...
2022-01-13 14:14:07 | [INFO]    | Shard 0 : Connected to wss://gateway.discord.gg
2022-01-13 14:14:07 | [INFO]    | Shard 0 : Received HELLO
2022-01-13 14:14:07 | [INFO]    | Shard 0 : Received READY
2022-01-13 14:26:09 | [INFO]    | Discordia 2.9.1
2022-01-13 14:26:09 | [INFO]    | Connecting to Discord...
2022-01-13 14:26:09 | [INFO]    | Authenticated as Cuby-test#3650
2022-01-13 14:26:09 | [INFO]    | Launching shard 0 (1 out of 1)...
2022-01-13 14:26:09 | [INFO]    | Shard 0 : Connected to wss://gateway.discord.gg
2022-01-13 14:26:09 | [INFO]    | Shard 0 : Received HELLO
2022-01-13 14:26:10 | [INFO]    | Shard 0 : Received READY
2022-01-13 14:26:18 | [INFO]    | Discordia 2.9.1
2022-01-13 14:26:18 | [INFO]    | Connecting to Discord...
2022-01-13 14:26:19 | [INFO]    | Authenticated as Cuby-test#3650
2022-01-13 14:26:19 | [INFO]    | Launching shard 0 (1 out of 1)...
2022-01-13 14:26:19 | [INFO]    | Shard 0 : Connected to wss://gateway.discord.gg
2022-01-13 14:26:19 | [INFO]    | Shard 0 : Received HELLO
2022-01-13 14:26:19 | [INFO]    | Shard 0 : Received READY
2022-01-13 14:26:30 | [INFO]    | Discordia 2.9.1
2022-01-13 14:26:30 | [INFO]    | Connecting to Discord...
2022-01-13 14:26:30 | [INFO]    | Authenticated as Cuby-test#3650
2022-01-13 14:26:30 | [INFO]    | Launching shard 0 (1 out of 1)...
2022-01-13 14:26:30 | [INFO]    | Shard 0 : Connected to wss://gateway.discord.gg
2022-01-13 14:26:30 | [INFO]    | Shard 0 : Received HELLO
2022-01-13 14:26:30 | [INFO]    | Shard 0 : Received READY
2022-01-13 14:27:54 | [INFO]    | Discordia 2.9.1
2022-01-13 14:27:54 | [INFO]    | Connecting to Discord...
2022-01-13 14:27:54 | [INFO]    | Authenticated as Cuby-test#3650
2022-01-13 14:27:54 | [INFO]    | Launching shard 0 (1 out of 1)...
2022-01-13 14:27:54 | [INFO]    | Shard 0 : Connected to wss://gateway.discord.gg
2022-01-13 14:27:54 | [INFO]    | Shard 0 : Received HELLO
2022-01-13 14:27:54 | [INFO]    | Shard 0 : Received READY
2022-01-13 14:28:40 | [INFO]    | Discordia 2.9.1
2022-01-13 14:28:40 | [INFO]    | Connecting to Discord...
2022-01-13 14:28:41 | [INFO]    | Authenticated as Cuby-test#3650
2022-01-13 14:28:41 | [INFO]    | Launching shard 0 (1 out of 1)...
2022-01-13 14:28:41 | [INFO]    | Shard 0 : Connected to wss://gateway.discord.gg
2022-01-13 14:28:41 | [INFO]    | Shard 0 : Received HELLO
2022-01-13 14:28:41 | [INFO]    | Shard 0 : Received READY
2022-01-13 14:28:59 | [INFO]    | Discordia 2.9.1
2022-01-13 14:28:59 | [INFO]    | Connecting to Discord...
2022-01-13 14:29:00 | [INFO]    | Authenticated as Cuby-test#3650
2022-01-13 14:29:00 | [INFO]    | Launching shard 0 (1 out of 1)...
2022-01-13 14:29:00 | [INFO]    | Shard 0 : Connected to wss://gateway.discord.gg
2022-01-13 14:29:00 | [INFO]    | Shard 0 : Received HELLO
2022-01-13 14:29:00 | [INFO]    | Shard 0 : Received READY
2022-01-13 14:35:10 | [INFO]    | Discordia 2.9.1
2022-01-13 14:35:10 | [INFO]    | Connecting to Discord...
2022-01-13 14:35:10 | [INFO]    | Authenticated as Cuby-test#3650
2022-01-13 14:35:10 | [INFO]    | Launching shard 0 (1 out of 1)...
2022-01-13 14:35:10 | [INFO]    | Shard 0 : Connected to wss://gateway.discord.gg
2022-01-13 14:35:10 | [INFO]    | Shard 0 : Received HELLO
2022-01-13 14:35:10 | [INFO]    | Shard 0 : Received READY
2022-01-13 14:58:50 | [INFO]    | Discordia 2.9.1
2022-01-13 14:58:50 | [INFO]    | Connecting to Discord...
2022-01-13 14:58:50 | [INFO]    | Authenticated as Cuby-test#3650
2022-01-13 14:58:50 | [INFO]    | Launching shard 0 (1 out of 1)...
2022-01-13 14:58:50 | [INFO]    | Shard 0 : Connected to wss://gateway.discord.gg
2022-01-13 14:58:50 | [INFO]    | Shard 0 : Received HELLO
2022-01-13 14:58:51 | [INFO]    | Shard 0 : Received READY
2022-01-13 14:59:58 | [INFO]    | Discordia 2.9.1
2022-01-13 14:59:58 | [INFO]    | Connecting to Discord...
2022-01-13 14:59:58 | [INFO]    | Authenticated as Cuby-test#3650
2022-01-13 14:59:58 | [INFO]    | Launching shard 0 (1 out of 1)...
2022-01-13 14:59:58 | [INFO]    | Shard 0 : Connected to wss://gateway.discord.gg
2022-01-13 14:59:58 | [INFO]    | Shard 0 : Received HELLO
2022-01-13 14:59:59 | [INFO]    | Shard 0 : Received READY
2022-01-13 15:03:34 | [INFO]    | Discordia 2.9.1
2022-01-13 15:03:34 | [INFO]    | Connecting to Discord...
2022-01-13 15:03:35 | [INFO]    | Authenticated as Cuby-test#3650
2022-01-13 15:03:35 | [INFO]    | Launching shard 0 (1 out of 1)...
2022-01-13 15:03:35 | [INFO]    | Shard 0 : Connected to wss://gateway.discord.gg
2022-01-13 15:03:35 | [INFO]    | Shard 0 : Received HELLO
2022-01-13 15:03:35 | [INFO]    | Shard 0 : Received READY
2022-01-13 15:08:07 | [INFO]    | Discordia 2.9.1
2022-01-13 15:08:07 | [INFO]    | Connecting to Discord...
2022-01-13 15:08:07 | [INFO]    | Authenticated as Cuby-test#3650
2022-01-13 15:08:07 | [INFO]    | Launching shard 0 (1 out of 1)...
2022-01-13 15:08:08 | [INFO]    | Shard 0 : Connected to wss://gateway.discord.gg
2022-01-13 15:08:08 | [INFO]    | Shard 0 : Received HELLO
2022-01-13 15:08:08 | [INFO]    | Shard 0 : Received READY
2022-01-13 15:08:56 | [INFO]    | Discordia 2.9.1
2022-01-13 15:08:56 | [INFO]    | Connecting to Discord...
2022-01-13 15:08:57 | [INFO]    | Authenticated as Cuby-test#3650
2022-01-13 15:08:57 | [INFO]    | Launching shard 0 (1 out of 1)...
2022-01-13 15:08:57 | [INFO]    | Shard 0 : Connected to wss://gateway.discord.gg
2022-01-13 15:08:57 | [INFO]    | Shard 0 : Received HELLO
2022-01-13 15:08:57 | [INFO]    | Shard 0 : Received READY
2022-01-13 15:09:13 | [INFO]    | Discordia 2.9.1
2022-01-13 15:09:13 | [INFO]    | Connecting to Discord...
2022-01-13 15:09:13 | [INFO]    | Authenticated as Cuby-test#3650
2022-01-13 15:09:13 | [INFO]    | Launching shard 0 (1 out of 1)...
2022-01-13 15:09:13 | [INFO]    | Shard 0 : Connected to wss://gateway.discord.gg
2022-01-13 15:09:13 | [INFO]    | Shard 0 : Received HELLO
2022-01-13 15:09:13 | [INFO]    | Shard 0 : Received READY
2022-01-13 15:11:36 | [INFO]    | Discordia 2.9.1
2022-01-13 15:11:36 | [INFO]    | Connecting to Discord...
2022-01-13 15:11:36 | [INFO]    | Authenticated as Cuby-test#3650
2022-01-13 15:11:36 | [INFO]    | Launching shard 0 (1 out of 1)...
2022-01-13 15:11:36 | [INFO]    | Shard 0 : Connected to wss://gateway.discord.gg
2022-01-13 15:11:36 | [INFO]    | Shard 0 : Received HELLO
2022-01-13 15:11:36 | [INFO]    | Shard 0 : Received READY
2022-01-13 15:11:58 | [INFO]    | Discordia 2.9.1
2022-01-13 15:11:58 | [INFO]    | Connecting to Discord...
2022-01-13 15:11:58 | [INFO]    | Authenticated as Cuby-test#3650
2022-01-13 15:11:58 | [INFO]    | Launching shard 0 (1 out of 1)...
2022-01-13 15:11:58 | [INFO]    | Shard 0 : Connected to wss://gateway.discord.gg
2022-01-13 15:11:58 | [INFO]    | Shard 0 : Received HELLO
2022-01-13 15:11:59 | [INFO]    | Shard 0 : Received READY
2022-01-13 15:12:12 | [INFO]    | Discordia 2.9.1
2022-01-13 15:12:12 | [INFO]    | Connecting to Discord...
2022-01-13 15:12:12 | [INFO]    | Authenticated as Cuby-test#3650
2022-01-13 15:12:12 | [INFO]    | Launching shard 0 (1 out of 1)...
2022-01-13 15:12:12 | [INFO]    | Shard 0 : Connected to wss://gateway.discord.gg
2022-01-13 15:12:12 | [INFO]    | Shard 0 : Received HELLO
2022-01-13 15:12:12 | [INFO]    | Shard 0 : Received READY
2022-01-13 15:30:11 | [INFO]    | Discordia 2.9.1
2022-01-13 15:30:11 | [INFO]    | Connecting to Discord...
2022-01-13 15:30:11 | [INFO]    | Authenticated as Cuby-test#3650
2022-01-13 15:30:11 | [INFO]    | Launching shard 0 (1 out of 1)...
2022-01-13 15:30:11 | [INFO]    | Shard 0 : Connected to wss://gateway.discord.gg
2022-01-13 15:30:11 | [INFO]    | Shard 0 : Received HELLO
2022-01-13 15:30:12 | [INFO]    | Shard 0 : Received READY
2022-01-13 15:36:44 | [INFO]    | Discordia 2.9.1
2022-01-13 15:36:44 | [INFO]    | Connecting to Discord...
2022-01-13 15:36:44 | [INFO]    | Authenticated as Cuby-test#3650
2022-01-13 15:36:44 | [INFO]    | Launching shard 0 (1 out of 1)...
2022-01-13 15:36:44 | [INFO]    | Shard 0 : Connected to wss://gateway.discord.gg
2022-01-13 15:36:44 | [INFO]    | Shard 0 : Received HELLO
2022-01-13 15:36:44 | [INFO]    | Shard 0 : Received READY
2022-01-13 15:43:57 | [INFO]    | Discordia 2.9.1
2022-01-13 15:43:57 | [INFO]    | Connecting to Discord...
2022-01-13 15:43:58 | [INFO]    | Authenticated as Cuby-test#3650
2022-01-13 15:43:58 | [INFO]    | Launching shard 0 (1 out of 1)...
2022-01-13 15:43:58 | [INFO]    | Shard 0 : Connected to wss://gateway.discord.gg
2022-01-13 15:43:58 | [INFO]    | Shard 0 : Received HELLO
2022-01-13 15:43:58 | [INFO]    | Shard 0 : Received READY
2022-01-13 15:44:09 | [INFO]    | Discordia 2.9.1
2022-01-13 15:44:09 | [INFO]    | Connecting to Discord...
2022-01-13 15:44:10 | [INFO]    | Authenticated as Cuby-test#3650
2022-01-13 15:44:10 | [INFO]    | Launching shard 0 (1 out of 1)...
2022-01-13 15:44:10 | [INFO]    | Shard 0 : Connected to wss://gateway.discord.gg
2022-01-13 15:44:10 | [INFO]    | Shard 0 : Received HELLO
2022-01-13 15:44:10 | [INFO]    | Shard 0 : Received READY
2022-01-13 15:45:45 | [INFO]    | Discordia 2.9.1
2022-01-13 15:45:45 | [INFO]    | Connecting to Discord...
2022-01-13 15:45:45 | [INFO]    | Authenticated as Cuby-test#3650
2022-01-13 15:45:45 | [INFO]    | Launching shard 0 (1 out of 1)...
2022-01-13 15:45:46 | [INFO]    | Shard 0 : Connected to wss://gateway.discord.gg
2022-01-13 15:45:46 | [INFO]    | Shard 0 : Received HELLO
2022-01-13 15:45:46 | [INFO]    | Shard 0 : Received READY
2022-01-13 15:46:27 | [INFO]    | Discordia 2.9.1
2022-01-13 15:46:27 | [INFO]    | Connecting to Discord...
2022-01-13 15:46:27 | [INFO]    | Authenticated as Cuby-test#3650
2022-01-13 15:46:27 | [INFO]    | Launching shard 0 (1 out of 1)...
2022-01-13 15:46:27 | [INFO]    | Shard 0 : Connected to wss://gateway.discord.gg
2022-01-13 15:46:27 | [INFO]    | Shard 0 : Received HELLO
2022-01-13 15:46:27 | [INFO]    | Shard 0 : Received READY
2022-01-13 15:48:41 | [INFO]    | Discordia 2.9.1
2022-01-13 15:48:41 | [INFO]    | Connecting to Discord...
2022-01-13 15:48:41 | [INFO]    | Authenticated as Cuby-test#3650
2022-01-13 15:48:41 | [INFO]    | Launching shard 0 (1 out of 1)...
2022-01-13 15:48:41 | [INFO]    | Shard 0 : Connected to wss://gateway.discord.gg
2022-01-13 15:48:41 | [INFO]    | Shard 0 : Received HELLO
2022-01-13 15:48:41 | [INFO]    | Shard 0 : Received READY
2022-01-13 16:00:07 | [INFO]    | Discordia 2.9.1
2022-01-13 16:00:07 | [INFO]    | Connecting to Discord...
2022-01-13 16:00:08 | [INFO]    | Authenticated as Cuby-test#3650
2022-01-13 16:00:08 | [INFO]    | Launching shard 0 (1 out of 1)...
2022-01-13 16:00:08 | [INFO]    | Shard 0 : Connected to wss://gateway.discord.gg
2022-01-13 16:00:08 | [INFO]    | Shard 0 : Received HELLO
2022-01-13 16:00:08 | [INFO]    | Shard 0 : Received READY
2022-01-13 16:26:18 | [INFO]    | Discordia 2.9.1
2022-01-13 16:26:18 | [INFO]    | Connecting to Discord...
2022-01-13 16:26:18 | [INFO]    | Authenticated as Cuby-test#3650
2022-01-13 16:26:19 | [INFO]    | Launching shard 0 (1 out of 1)...
2022-01-13 16:26:19 | [INFO]    | Shard 0 : Connected to wss://gateway.discord.gg
2022-01-13 16:26:19 | [INFO]    | Shard 0 : Received HELLO
2022-01-13 16:26:19 | [INFO]    | Shard 0 : Received READY
2022-01-13 16:27:00 | [INFO]    | Discordia 2.9.1
2022-01-13 16:27:00 | [INFO]    | Connecting to Discord...
2022-01-13 16:27:00 | [INFO]    | Authenticated as Cuby-test#3650
2022-01-13 16:27:00 | [INFO]    | Launching shard 0 (1 out of 1)...
2022-01-13 16:27:00 | [INFO]    | Shard 0 : Connected to wss://gateway.discord.gg
2022-01-13 16:27:00 | [INFO]    | Shard 0 : Received HELLO
2022-01-13 16:27:00 | [INFO]    | Shard 0 : Received READY
2022-01-13 19:58:12 | [INFO]    | Discordia 2.9.1
2022-01-13 19:58:12 | [INFO]    | Connecting to Discord...
2022-01-13 19:58:12 | [INFO]    | Authenticated as Cuby-test#3650
2022-01-13 19:58:13 | [INFO]    | Launching shard 0 (1 out of 1)...
2022-01-13 19:58:13 | [INFO]    | Shard 0 : Connected to wss://gateway.discord.gg
2022-01-13 19:58:13 | [INFO]    | Shard 0 : Received HELLO
2022-01-13 19:58:13 | [INFO]    | Shard 0 : Received READY
2022-01-13 19:59:25 | [INFO]    | Discordia 2.9.1
2022-01-13 19:59:25 | [INFO]    | Connecting to Discord...
2022-01-13 19:59:26 | [INFO]    | Authenticated as Cuby-test#3650
2022-01-13 19:59:26 | [INFO]    | Launching shard 0 (1 out of 1)...
2022-01-13 19:59:26 | [INFO]    | Shard 0 : Connected to wss://gateway.discord.gg
2022-01-13 19:59:26 | [INFO]    | Shard 0 : Received HELLO
2022-01-13 19:59:26 | [INFO]    | Shard 0 : Received READY
2022-01-13 19:59:31 | [INFO]    | Discordia 2.9.1
2022-01-13 19:59:31 | [INFO]    | Connecting to Discord...
2022-01-13 19:59:31 | [INFO]    | Authenticated as Cuby-test#3650
2022-01-13 19:59:31 | [INFO]    | Launching shard 0 (1 out of 1)...
2022-01-13 19:59:31 | [INFO]    | Shard 0 : Connected to wss://gateway.discord.gg
2022-01-13 19:59:31 | [INFO]    | Shard 0 : Received HELLO
2022-01-13 19:59:31 | [INFO]    | Shard 0 : Received READY
2022-01-13 20:01:20 | [INFO]    | Discordia 2.9.1
2022-01-13 20:01:20 | [INFO]    | Connecting to Discord...
2022-01-13 20:01:20 | [INFO]    | Authenticated as Cuby-test#3650
2022-01-13 20:01:20 | [INFO]    | Launching shard 0 (1 out of 1)...
2022-01-13 20:01:20 | [INFO]    | Shard 0 : Connected to wss://gateway.discord.gg
2022-01-13 20:01:20 | [INFO]    | Shard 0 : Received HELLO
2022-01-13 20:01:20 | [INFO]    | Shard 0 : Received READY
2022-01-13 20:01:27 | [INFO]    | Discordia 2.9.1
2022-01-13 20:01:27 | [INFO]    | Connecting to Discord...
2022-01-13 20:01:27 | [INFO]    | Authenticated as Cuby-test#3650
2022-01-13 20:01:27 | [INFO]    | Launching shard 0 (1 out of 1)...
2022-01-13 20:01:27 | [INFO]    | Shard 0 : Connected to wss://gateway.discord.gg
2022-01-13 20:01:27 | [INFO]    | Shard 0 : Received HELLO
2022-01-13 20:01:27 | [INFO]    | Shard 0 : Received READY
2022-01-13 20:03:59 | [INFO]    | Discordia 2.9.1
2022-01-13 20:03:59 | [INFO]    | Connecting to Discord...
2022-01-13 20:03:59 | [INFO]    | Authenticated as Cuby-test#3650
2022-01-13 20:03:59 | [INFO]    | Launching shard 0 (1 out of 1)...
2022-01-13 20:03:59 | [INFO]    | Shard 0 : Connected to wss://gateway.discord.gg
2022-01-13 20:03:59 | [INFO]    | Shard 0 : Received HELLO
2022-01-13 20:03:59 | [INFO]    | Shard 0 : Received READY
2022-01-13 20:05:20 | [INFO]    | Discordia 2.9.1
2022-01-13 20:05:20 | [INFO]    | Connecting to Discord...
2022-01-13 20:05:20 | [INFO]    | Authenticated as Cuby-test#3650
2022-01-13 20:05:20 | [INFO]    | Launching shard 0 (1 out of 1)...
2022-01-13 20:05:21 | [INFO]    | Shard 0 : Connected to wss://gateway.discord.gg
2022-01-13 20:05:21 | [INFO]    | Shard 0 : Received HELLO
2022-01-13 20:05:21 | [INFO]    | Shard 0 : Received READY
2022-01-13 20:05:22 | [ERROR]   | 404 - Not Found : GET https://discord.com/api/v7/applications/791927279357657088/guilds/783625199702245436/commands/931188146505400392/permissions
2022-01-13 20:05:22 | [WARNING] | Shard 0 : Unhandled gateway event: APPLICATION_COMMAND_PERMISSIONS_UPDATE
2022-01-13 20:11:49 | [INFO]    | Discordia 2.9.1
2022-01-13 20:11:49 | [INFO]    | Connecting to Discord...
2022-01-13 20:11:50 | [INFO]    | Authenticated as Cuby-test#3650
2022-01-13 20:11:50 | [INFO]    | Launching shard 0 (1 out of 1)...
2022-01-13 20:11:50 | [INFO]    | Shard 0 : Connected to wss://gateway.discord.gg
2022-01-13 20:11:50 | [INFO]    | Shard 0 : Received HELLO
2022-01-13 20:11:50 | [INFO]    | Shard 0 : Received READY
2022-01-13 20:12:16 | [INFO]    | Discordia 2.9.1
2022-01-13 20:12:16 | [INFO]    | Connecting to Discord...
2022-01-13 20:12:16 | [INFO]    | Authenticated as Cuby-test#3650
2022-01-13 20:12:16 | [INFO]    | Launching shard 0 (1 out of 1)...
2022-01-13 20:12:16 | [INFO]    | Shard 0 : Connected to wss://gateway.discord.gg
2022-01-13 20:12:16 | [INFO]    | Shard 0 : Received HELLO
2022-01-13 20:12:16 | [INFO]    | Shard 0 : Received READY
2022-01-13 20:14:03 | [INFO]    | Discordia 2.9.1
2022-01-13 20:14:03 | [INFO]    | Connecting to Discord...
2022-01-13 20:14:03 | [INFO]    | Authenticated as Cuby-test#3650
2022-01-13 20:14:03 | [INFO]    | Launching shard 0 (1 out of 1)...
2022-01-13 20:14:03 | [INFO]    | Shard 0 : Connected to wss://gateway.discord.gg
2022-01-13 20:14:03 | [INFO]    | Shard 0 : Received HELLO
2022-01-13 20:14:03 | [INFO]    | Shard 0 : Received READY
2022-01-13 20:18:46 | [INFO]    | Discordia 2.9.1
2022-01-13 20:18:46 | [INFO]    | Connecting to Discord...
2022-01-13 20:18:46 | [INFO]    | Authenticated as Cuby-test#3650
2022-01-13 20:18:46 | [INFO]    | Launching shard 0 (1 out of 1)...
2022-01-13 20:18:46 | [INFO]    | Shard 0 : Connected to wss://gateway.discord.gg
2022-01-13 20:18:46 | [INFO]    | Shard 0 : Received HELLO
2022-01-13 20:18:46 | [INFO]    | Shard 0 : Received READY
2022-01-13 20:19:11 | [INFO]    | Discordia 2.9.1
2022-01-13 20:19:11 | [INFO]    | Connecting to Discord...
2022-01-13 20:19:12 | [INFO]    | Authenticated as Cuby-test#3650
2022-01-13 20:19:12 | [INFO]    | Launching shard 0 (1 out of 1)...
2022-01-13 20:19:12 | [INFO]    | Shard 0 : Connected to wss://gateway.discord.gg
2022-01-13 20:19:12 | [INFO]    | Shard 0 : Received HELLO
2022-01-13 20:19:12 | [INFO]    | Shard 0 : Received READY
2022-01-13 20:20:06 | [INFO]    | Discordia 2.9.1
2022-01-13 20:20:06 | [INFO]    | Connecting to Discord...
2022-01-13 20:20:07 | [INFO]    | Authenticated as Cuby-test#3650
2022-01-13 20:20:07 | [INFO]    | Launching shard 0 (1 out of 1)...
2022-01-13 20:20:07 | [INFO]    | Shard 0 : Connected to wss://gateway.discord.gg
2022-01-13 20:20:07 | [INFO]    | Shard 0 : Received HELLO
2022-01-13 20:20:07 | [INFO]    | Shard 0 : Received READY
2022-01-13 20:20:53 | [INFO]    | Discordia 2.9.1
2022-01-13 20:20:53 | [INFO]    | Connecting to Discord...
2022-01-13 20:20:54 | [INFO]    | Authenticated as Cuby-test#3650
2022-01-13 20:20:54 | [INFO]    | Launching shard 0 (1 out of 1)...
2022-01-13 20:20:54 | [INFO]    | Shard 0 : Connected to wss://gateway.discord.gg
2022-01-13 20:20:54 | [INFO]    | Shard 0 : Received HELLO
2022-01-13 20:20:54 | [INFO]    | Shard 0 : Received READY
2022-01-13 20:21:07 | [INFO]    | Discordia 2.9.1
2022-01-13 20:21:07 | [INFO]    | Connecting to Discord...
2022-01-13 20:21:07 | [INFO]    | Authenticated as Cuby-test#3650
2022-01-13 20:21:07 | [INFO]    | Launching shard 0 (1 out of 1)...
2022-01-13 20:21:08 | [INFO]    | Shard 0 : Connected to wss://gateway.discord.gg
2022-01-13 20:21:08 | [INFO]    | Shard 0 : Received HELLO
2022-01-13 20:21:08 | [INFO]    | Shard 0 : Received READY
2022-01-13 20:23:49 | [INFO]    | Discordia 2.9.1
2022-01-13 20:23:49 | [INFO]    | Connecting to Discord...
2022-01-13 20:23:49 | [INFO]    | Authenticated as Cuby-test#3650
2022-01-13 20:23:49 | [INFO]    | Launching shard 0 (1 out of 1)...
2022-01-13 20:23:49 | [INFO]    | Shard 0 : Connected to wss://gateway.discord.gg
2022-01-13 20:23:49 | [INFO]    | Shard 0 : Received HELLO
2022-01-13 20:23:50 | [INFO]    | Shard 0 : Received READY
2022-01-13 20:25:15 | [INFO]    | Discordia 2.9.1
2022-01-13 20:25:15 | [INFO]    | Connecting to Discord...
2022-01-13 20:25:15 | [INFO]    | Authenticated as Cuby-test#3650
2022-01-13 20:25:15 | [INFO]    | Launching shard 0 (1 out of 1)...
2022-01-13 20:25:16 | [INFO]    | Shard 0 : Connected to wss://gateway.discord.gg
2022-01-13 20:25:16 | [INFO]    | Shard 0 : Received HELLO
2022-01-13 20:25:16 | [INFO]    | Shard 0 : Received READY
2022-01-13 20:25:27 | [INFO]    | Discordia 2.9.1
2022-01-13 20:25:27 | [INFO]    | Connecting to Discord...
2022-01-13 20:25:28 | [INFO]    | Authenticated as Cuby-test#3650
2022-01-13 20:25:28 | [INFO]    | Launching shard 0 (1 out of 1)...
2022-01-13 20:25:28 | [INFO]    | Shard 0 : Connected to wss://gateway.discord.gg
2022-01-13 20:25:28 | [INFO]    | Shard 0 : Received HELLO
2022-01-13 20:25:28 | [INFO]    | Shard 0 : Received READY
2022-01-13 20:27:05 | [INFO]    | Discordia 2.9.1
2022-01-13 20:27:05 | [INFO]    | Connecting to Discord...
2022-01-13 20:27:06 | [INFO]    | Authenticated as Cuby-test#3650
2022-01-13 20:27:06 | [INFO]    | Launching shard 0 (1 out of 1)...
2022-01-13 20:27:06 | [INFO]    | Shard 0 : Connected to wss://gateway.discord.gg
2022-01-13 20:27:06 | [INFO]    | Shard 0 : Received HELLO
2022-01-13 20:27:06 | [INFO]    | Shard 0 : Received READY
2022-01-13 20:27:21 | [INFO]    | Discordia 2.9.1
2022-01-13 20:27:21 | [INFO]    | Connecting to Discord...
2022-01-13 20:27:21 | [INFO]    | Authenticated as Cuby-test#3650
2022-01-13 20:27:21 | [INFO]    | Launching shard 0 (1 out of 1)...
2022-01-13 20:27:21 | [INFO]    | Shard 0 : Connected to wss://gateway.discord.gg
2022-01-13 20:27:21 | [INFO]    | Shard 0 : Received HELLO
2022-01-13 20:27:21 | [INFO]    | Shard 0 : Received READY
2022-01-13 20:28:41 | [INFO]    | Discordia 2.9.1
2022-01-13 20:28:41 | [INFO]    | Connecting to Discord...
2022-01-13 20:28:41 | [INFO]    | Authenticated as Cuby-test#3650
2022-01-13 20:28:41 | [INFO]    | Launching shard 0 (1 out of 1)...
2022-01-13 20:28:41 | [INFO]    | Shard 0 : Connected to wss://gateway.discord.gg
2022-01-13 20:28:41 | [INFO]    | Shard 0 : Received HELLO
2022-01-13 20:28:41 | [INFO]    | Shard 0 : Received READY
2022-01-13 20:33:11 | [INFO]    | Discordia 2.9.1
2022-01-13 20:33:11 | [INFO]    | Connecting to Discord...
2022-01-13 20:33:12 | [INFO]    | Authenticated as Cuby-test#3650
2022-01-13 20:33:12 | [INFO]    | Launching shard 0 (1 out of 1)...
2022-01-13 20:33:12 | [INFO]    | Shard 0 : Connected to wss://gateway.discord.gg
2022-01-13 20:33:12 | [INFO]    | Shard 0 : Received HELLO
2022-01-13 20:33:12 | [INFO]    | Shard 0 : Received READY
2022-01-13 20:37:01 | [INFO]    | Discordia 2.9.1
2022-01-13 20:37:01 | [INFO]    | Connecting to Discord...
2022-01-13 20:37:01 | [INFO]    | Authenticated as Cuby-test#3650
2022-01-13 20:37:01 | [INFO]    | Launching shard 0 (1 out of 1)...
2022-01-13 20:37:01 | [INFO]    | Shard 0 : Connected to wss://gateway.discord.gg
2022-01-13 20:37:01 | [INFO]    | Shard 0 : Received HELLO
2022-01-13 20:37:02 | [INFO]    | Shard 0 : Received READY
2022-01-13 20:48:07 | [INFO]    | Discordia 2.9.1
2022-01-13 20:48:07 | [INFO]    | Connecting to Discord...
2022-01-13 20:48:08 | [INFO]    | Authenticated as Cuby-test#3650
2022-01-13 20:48:08 | [INFO]    | Launching shard 0 (1 out of 1)...
2022-01-13 20:48:08 | [INFO]    | Shard 0 : Connected to wss://gateway.discord.gg
2022-01-13 20:48:08 | [INFO]    | Shard 0 : Received HELLO
2022-01-13 20:48:08 | [INFO]    | Shard 0 : Received READY
2022-01-13 20:48:21 | [INFO]    | Discordia 2.9.1
2022-01-13 20:48:21 | [INFO]    | Connecting to Discord...
2022-01-13 20:48:22 | [INFO]    | Authenticated as Cuby-test#3650
2022-01-13 20:48:22 | [INFO]    | Launching shard 0 (1 out of 1)...
2022-01-13 20:48:22 | [INFO]    | Shard 0 : Connected to wss://gateway.discord.gg
2022-01-13 20:48:22 | [INFO]    | Shard 0 : Received HELLO
2022-01-13 20:48:22 | [INFO]    | Shard 0 : Received READY
2022-01-13 20:48:38 | [INFO]    | Discordia 2.9.1
2022-01-13 20:48:38 | [INFO]    | Connecting to Discord...
2022-01-13 20:48:38 | [INFO]    | Authenticated as Cuby-test#3650
2022-01-13 20:48:38 | [INFO]    | Launching shard 0 (1 out of 1)...
2022-01-13 20:48:38 | [INFO]    | Shard 0 : Connected to wss://gateway.discord.gg
2022-01-13 20:48:38 | [INFO]    | Shard 0 : Received HELLO
2022-01-13 20:48:39 | [INFO]    | Shard 0 : Received READY
2022-01-13 20:50:16 | [INFO]    | Discordia 2.9.1
2022-01-13 20:50:16 | [INFO]    | Connecting to Discord...
2022-01-13 20:50:16 | [INFO]    | Authenticated as Cuby-test#3650
2022-01-13 20:50:16 | [INFO]    | Launching shard 0 (1 out of 1)...
2022-01-13 20:50:16 | [INFO]    | Shard 0 : Connected to wss://gateway.discord.gg
2022-01-13 20:50:16 | [INFO]    | Shard 0 : Received HELLO
2022-01-13 20:50:17 | [INFO]    | Shard 0 : Received READY
2022-01-13 20:50:28 | [INFO]    | Discordia 2.9.1
2022-01-13 20:50:28 | [INFO]    | Connecting to Discord...
2022-01-13 20:50:28 | [INFO]    | Authenticated as Cuby-test#3650
2022-01-13 20:50:28 | [INFO]    | Launching shard 0 (1 out of 1)...
2022-01-13 20:50:28 | [INFO]    | Shard 0 : Connected to wss://gateway.discord.gg
2022-01-13 20:50:28 | [INFO]    | Shard 0 : Received HELLO
2022-01-13 20:50:28 | [INFO]    | Shard 0 : Received READY
2022-01-13 20:52:10 | [INFO]    | Discordia 2.9.1
2022-01-13 20:52:10 | [INFO]    | Connecting to Discord...
2022-01-13 20:52:10 | [INFO]    | Authenticated as Cuby-test#3650
2022-01-13 20:52:10 | [INFO]    | Launching shard 0 (1 out of 1)...
2022-01-13 20:52:10 | [INFO]    | Shard 0 : Connected to wss://gateway.discord.gg
2022-01-13 20:52:10 | [INFO]    | Shard 0 : Received HELLO
2022-01-13 20:52:11 | [INFO]    | Shard 0 : Received READY
2022-01-13 20:53:42 | [INFO]    | Discordia 2.9.1
2022-01-13 20:53:42 | [INFO]    | Connecting to Discord...
2022-01-13 20:53:42 | [INFO]    | Authenticated as Cuby-test#3650
2022-01-13 20:53:42 | [INFO]    | Launching shard 0 (1 out of 1)...
2022-01-13 20:53:42 | [INFO]    | Shard 0 : Connected to wss://gateway.discord.gg
2022-01-13 20:53:42 | [INFO]    | Shard 0 : Received HELLO
2022-01-13 20:53:42 | [INFO]    | Shard 0 : Received READY
2022-01-13 20:58:48 | [INFO]    | Discordia 2.9.1
2022-01-13 20:58:48 | [INFO]    | Connecting to Discord...
2022-01-13 20:58:48 | [INFO]    | Authenticated as Cuby-test#3650
2022-01-13 20:58:49 | [INFO]    | Launching shard 0 (1 out of 1)...
2022-01-13 20:58:49 | [INFO]    | Shard 0 : Connected to wss://gateway.discord.gg
2022-01-13 20:58:49 | [INFO]    | Shard 0 : Received HELLO
2022-01-13 20:58:49 | [INFO]    | Shard 0 : Received READY
2022-01-13 20:58:51 | [ERROR]   | 404 - Not Found : GET https://discord.com/api/v7/applications/791927279357657088/guilds/783625199702245436/commands/931276125840236554/permissions
2022-01-13 20:58:51 | [WARNING] | Shard 0 : Unhandled gateway event: APPLICATION_COMMAND_PERMISSIONS_UPDATE
2022-01-13 21:01:05 | [INFO]    | Discordia 2.9.1
2022-01-13 21:01:05 | [INFO]    | Connecting to Discord...
2022-01-13 21:01:05 | [INFO]    | Authenticated as Cuby-test#3650
2022-01-13 21:01:05 | [INFO]    | Launching shard 0 (1 out of 1)...
2022-01-13 21:01:05 | [INFO]    | Shard 0 : Connected to wss://gateway.discord.gg
2022-01-13 21:01:05 | [INFO]    | Shard 0 : Received HELLO
2022-01-13 21:01:06 | [INFO]    | Shard 0 : Received READY
2022-01-13 21:01:31 | [INFO]    | Discordia 2.9.1
2022-01-13 21:01:31 | [INFO]    | Connecting to Discord...
2022-01-13 21:01:32 | [INFO]    | Authenticated as Cuby-test#3650
2022-01-13 21:01:32 | [INFO]    | Launching shard 0 (1 out of 1)...
2022-01-13 21:01:32 | [INFO]    | Shard 0 : Connected to wss://gateway.discord.gg
2022-01-13 21:01:32 | [INFO]    | Shard 0 : Received HELLO
2022-01-13 21:01:32 | [INFO]    | Shard 0 : Received READY
2022-01-13 21:03:36 | [INFO]    | Discordia 2.9.1
2022-01-13 21:03:36 | [INFO]    | Connecting to Discord...
2022-01-13 21:03:36 | [INFO]    | Authenticated as Cuby-test#3650
2022-01-13 21:03:36 | [INFO]    | Launching shard 0 (1 out of 1)...
2022-01-13 21:03:36 | [INFO]    | Shard 0 : Connected to wss://gateway.discord.gg
2022-01-13 21:03:36 | [INFO]    | Shard 0 : Received HELLO
2022-01-13 21:03:37 | [INFO]    | Shard 0 : Received READY
2022-01-13 21:05:08 | [INFO]    | Discordia 2.9.1
2022-01-13 21:05:08 | [INFO]    | Connecting to Discord...
2022-01-13 21:05:08 | [INFO]    | Authenticated as Cuby-test#3650
2022-01-13 21:05:08 | [INFO]    | Launching shard 0 (1 out of 1)...
2022-01-13 21:05:08 | [INFO]    | Shard 0 : Connected to wss://gateway.discord.gg
2022-01-13 21:05:08 | [INFO]    | Shard 0 : Received HELLO
2022-01-13 21:05:09 | [INFO]    | Shard 0 : Received READY
2022-01-13 21:05:23 | [ERROR]   | 500 - Internal Server Error : POST https://discord.com/api/v7/channels/783731240138047529/messages
2022-01-13 21:05:34 | [ERROR]   | 500 - Internal Server Error : POST https://discord.com/api/v7/channels/783731240138047529/messages
2022-01-13 21:07:25 | [ERROR]   | 500 - Internal Server Error : POST https://discord.com/api/v7/channels/783731240138047529/messages
2022-01-13 21:07:35 | [INFO]    | Discordia 2.9.1
2022-01-13 21:07:35 | [INFO]    | Connecting to Discord...
2022-01-13 21:07:35 | [INFO]    | Authenticated as Cuby-test#3650
2022-01-13 21:07:35 | [INFO]    | Launching shard 0 (1 out of 1)...
2022-01-13 21:07:36 | [INFO]    | Shard 0 : Connected to wss://gateway.discord.gg
2022-01-13 21:07:36 | [INFO]    | Shard 0 : Received HELLO
2022-01-13 21:07:36 | [INFO]    | Shard 0 : Received READY
